1517682623500	geckodriver	INFO	geckodriver 0.19.1
1517682623503	geckodriver	INFO	Listening on 127.0.0.1:54903
1517682624587	mozrunner::runner	INFO	Running command: "/usr/bin/firefox" "-marionette" "-profile" "/tmp/rust_mozprofile.4ltnFoobIYAE"
1517682625503	Marionette	INFO	Enabled via --marionette
1517682626648	Marionette	INFO	Listening on port 36191
1517682626698	Marionette	WARN	TLS certificate errors will be ignored for this session
JavaScript warning: https://www.googletagmanager.com/gtag/js?id=UA-37399313-4, line 69: unreachable code after return statement
JavaScript warning: https://www.googletagmanager.com/gtag/js?id=UA-37399313-4, line 69: unreachable code after return statement

(/usr/lib/firefox/firefox:25106): dconf-WARNING **: Unable to open /var/lib/snapd/desktop/dconf/profile/user: Permission denied
*** UTM:SVC TimerManager:registerTimer called after profile-before-change notification. Ignoring timer registration for id: telemetry_modules_ping
1517684706005	geckodriver	INFO	geckodriver 0.19.1
1517684706008	geckodriver	INFO	Listening on 127.0.0.1:57323
1517684707116	mozrunner::runner	INFO	Running command: "/usr/bin/firefox" "-marionette" "-profile" "/tmp/rust_mozprofile.Gf8brjlcadEU"
1517684707607	Marionette	INFO	Enabled via --marionette
1517684708507	Marionette	INFO	Listening on port 44303
1517684708540	Marionette	WARN	TLS certificate errors will be ignored for this session
JavaScript warning: https://www.googletagmanager.com/gtag/js?id=UA-37399313-4, line 69: unreachable code after return statement
JavaScript warning: https://www.googletagmanager.com/gtag/js?id=UA-37399313-4, line 69: unreachable code after return statement

(/usr/lib/firefox/firefox:27511): dconf-WARNING **: Unable to open /var/lib/snapd/desktop/dconf/profile/user: Permission denied
*** UTM:SVC TimerManager:registerTimer called after profile-before-change notification. Ignoring timer registration for id: telemetry_modules_ping
1517684769378	geckodriver	INFO	geckodriver 0.19.1
1517684769385	geckodriver	INFO	Listening on 127.0.0.1:36679
1517684770481	mozrunner::runner	INFO	Running command: "/usr/bin/firefox" "-marionette" "-profile" "/tmp/rust_mozprofile.qu7oMzTwtGFG"
1517684771104	Marionette	INFO	Enabled via --marionette
1517684772202	Marionette	INFO	Listening on port 43219
1517684772302	Marionette	WARN	TLS certificate errors will be ignored for this session
JavaScript warning: https://www.googletagmanager.com/gtag/js?id=UA-37399313-4, line 69: unreachable code after return statement
JavaScript warning: https://www.googletagmanager.com/gtag/js?id=UA-37399313-4, line 69: unreachable code after return statement
*** UTM:SVC TimerManager:registerTimer called after profile-before-change notification. Ignoring timer registration for id: telemetry_modules_ping
1517684797231	geckodriver	INFO	geckodriver 0.19.1
1517684797234	geckodriver	INFO	Listening on 127.0.0.1:59661
1517684798317	mozrunner::runner	INFO	Running command: "/usr/bin/firefox" "-marionette" "-profile" "/tmp/rust_mozprofile.0xJUp4sVH6ho"
1517684798735	Marionette	INFO	Enabled via --marionette
1517684799632	Marionette	INFO	Listening on port 34925
1517684799731	Marionette	WARN	TLS certificate errors will be ignored for this session
JavaScript warning: https://www.googletagmanager.com/gtag/js?id=UA-37399313-4, line 69: unreachable code after return statement
JavaScript warning: https://www.googletagmanager.com/gtag/js?id=UA-37399313-4, line 69: unreachable code after return statement
*** UTM:SVC TimerManager:registerTimer called after profile-before-change notification. Ignoring timer registration for id: telemetry_modules_ping
1517684830242	geckodriver	INFO	geckodriver 0.19.1
1517684830245	geckodriver	INFO	Listening on 127.0.0.1:48379
1517684831369	mozrunner::runner	INFO	Running command: "/usr/bin/firefox" "-marionette" "-profile" "/tmp/rust_mozprofile.U2RtUClevAAP"
1517684831787	Marionette	INFO	Enabled via --marionette
1517684833513	Marionette	INFO	Listening on port 36963
1517684833581	Marionette	WARN	TLS certificate errors will be ignored for this session
JavaScript warning: https://www.googletagmanager.com/gtag/js?id=UA-37399313-4, line 69: unreachable code after return statement
JavaScript warning: https://www.googletagmanager.com/gtag/js?id=UA-37399313-4, line 69: unreachable code after return statement
[Parent 28757, Gecko_IOThread] WARNING: pipe error (58): Connection reset by peer: file /build/firefox-mnaFRO/firefox-58.0.1+build1/ipc/chromium/src/chrome/common/ipc_channel_posix.cc, line 353
*** UTM:SVC TimerManager:registerTimer called after profile-before-change notification. Ignoring timer registration for id: telemetry_modules_ping
1517684871052	geckodriver	INFO	geckodriver 0.19.1
1517684871055	geckodriver	INFO	Listening on 127.0.0.1:52223
1517684872139	mozrunner::runner	INFO	Running command: "/usr/bin/firefox" "-marionette" "-profile" "/tmp/rust_mozprofile.xQJ1LSmIiOd7"
1517684872532	Marionette	INFO	Enabled via --marionette
1517684873403	Marionette	INFO	Listening on port 34561
1517684873450	Marionette	WARN	TLS certificate errors will be ignored for this session
JavaScript warning: https://www.googletagmanager.com/gtag/js?id=UA-37399313-4, line 69: unreachable code after return statement
JavaScript warning: https://www.googletagmanager.com/gtag/js?id=UA-37399313-4, line 69: unreachable code after return statement

(/usr/lib/firefox/firefox:29145): dconf-WARNING **: Unable to open /var/lib/snapd/desktop/dconf/profile/user: Permission denied
1517684984937	geckodriver	INFO	geckodriver 0.19.1
1517684984940	geckodriver	INFO	Listening on 127.0.0.1:53289
1517684986023	mozrunner::runner	INFO	Running command: "/usr/bin/firefox" "-marionette" "-profile" "/tmp/rust_mozprofile.iC2BFw2PLLUZ"
1517684986446	Marionette	INFO	Enabled via --marionette
1517684987294	Marionette	INFO	Listening on port 41937
1517684987336	Marionette	WARN	TLS certificate errors will be ignored for this session
JavaScript warning: https://www.googletagmanager.com/gtag/js?id=UA-37399313-4, line 69: unreachable code after return statement
JavaScript warning: https://www.googletagmanager.com/gtag/js?id=UA-37399313-4, line 69: unreachable code after return statement

(/usr/lib/firefox/firefox:29448): dconf-WARNING **: Unable to open /var/lib/snapd/desktop/dconf/profile/user: Permission denied
*** UTM:SVC TimerManager:registerTimer called after profile-before-change notification. Ignoring timer registration for id: telemetry_modules_ping
1517685021916	geckodriver	INFO	geckodriver 0.19.1
1517685021919	geckodriver	INFO	Listening on 127.0.0.1:45627
1517685023033	mozrunner::runner	INFO	Running command: "/usr/bin/firefox" "-marionette" "-profile" "/tmp/rust_mozprofile.o4xOQTb8CbVG"
1517685023447	Marionette	INFO	Enabled via --marionette
1517685024269	Marionette	INFO	Listening on port 46863
1517685024351	Marionette	WARN	TLS certificate errors will be ignored for this session
JavaScript warning: https://www.googletagmanager.com/gtag/js?id=UA-37399313-4, line 69: unreachable code after return statement
JavaScript warning: https://www.googletagmanager.com/gtag/js?id=UA-37399313-4, line 69: unreachable code after return statement

(/usr/lib/firefox/firefox:29685): dconf-WARNING **: Unable to open /var/lib/snapd/desktop/dconf/profile/user: Permission denied
*** UTM:SVC TimerManager:registerTimer called after profile-before-change notification. Ignoring timer registration for id: telemetry_modules_ping
1517685424828	geckodriver	INFO	geckodriver 0.19.1
1517685424831	geckodriver	INFO	Listening on 127.0.0.1:52973
1517685425920	mozrunner::runner	INFO	Running command: "/usr/bin/firefox" "-marionette" "-profile" "/tmp/rust_mozprofile.OYgLhxfMGwoV"
1517685426390	Marionette	INFO	Enabled via --marionette
1517685427263	Marionette	INFO	Listening on port 37441
1517685427334	Marionette	WARN	TLS certificate errors will be ignored for this session
JavaScript warning: https://www.googletagmanager.com/gtag/js?id=UA-37399313-4, line 69: unreachable code after return statement
JavaScript warning: https://www.googletagmanager.com/gtag/js?id=UA-37399313-4, line 69: unreachable code after return statement
[Parent 30263, Gecko_IOThread] WARNING: pipe error (57): Connection reset by peer: file /build/firefox-mnaFRO/firefox-58.0.1+build1/ipc/chromium/src/chrome/common/ipc_channel_posix.cc, line 353
*** UTM:SVC TimerManager:registerTimer called after profile-before-change notification. Ignoring timer registration for id: telemetry_modules_ping
1517685576560	geckodriver	INFO	geckodriver 0.19.1
1517685576563	geckodriver	INFO	Listening on 127.0.0.1:49529
1517685577672	mozrunner::runner	INFO	Running command: "/usr/bin/firefox" "-marionette" "-profile" "/tmp/rust_mozprofile.XK7iTSFPjXT4"
1517685578111	Marionette	INFO	Enabled via --marionette
1517685579049	Marionette	INFO	Listening on port 41647
1517685579082	Marionette	WARN	TLS certificate errors will be ignored for this session
JavaScript warning: https://www.googletagmanager.com/gtag/js?id=UA-37399313-4, line 69: unreachable code after return statement
JavaScript warning: https://www.googletagmanager.com/gtag/js?id=UA-37399313-4, line 69: unreachable code after return statement

(/usr/lib/firefox/firefox:30758): dconf-WARNING **: Unable to open /var/lib/snapd/desktop/dconf/profile/user: Permission denied
1517685670149	geckodriver	INFO	geckodriver 0.19.1
1517685670152	geckodriver	INFO	Listening on 127.0.0.1:33541
1517685671256	mozrunner::runner	INFO	Running command: "/usr/bin/firefox" "-marionette" "-profile" "/tmp/rust_mozprofile.bAOjSwtn7HrT"
1517685671791	Marionette	INFO	Enabled via --marionette
1517685672723	Marionette	INFO	Listening on port 34295
1517685672769	Marionette	WARN	TLS certificate errors will be ignored for this session
JavaScript warning: https://www.googletagmanager.com/gtag/js?id=UA-37399313-4, line 69: unreachable code after return statement
JavaScript warning: https://www.googletagmanager.com/gtag/js?id=UA-37399313-4, line 69: unreachable code after return statement

(/usr/lib/firefox/firefox:31049): dconf-WARNING **: Unable to open /var/lib/snapd/desktop/dconf/profile/user: Permission denied
*** UTM:SVC TimerManager:registerTimer called after profile-before-change notification. Ignoring timer registration for id: telemetry_modules_ping
1517687869889	geckodriver	INFO	geckodriver 0.19.1
1517687869900	geckodriver	INFO	Listening on 127.0.0.1:57923
1517687871020	mozrunner::runner	INFO	Running command: "/usr/bin/firefox" "-marionette" "-profile" "/tmp/rust_mozprofile.YNiYogmTBMva"
1517687872229	Marionette	INFO	Enabled via --marionette
1517687873264	Marionette	INFO	Listening on port 44569
1517687873336	Marionette	WARN	TLS certificate errors will be ignored for this session
JavaScript warning: https://www.googletagmanager.com/gtag/js?id=UA-37399313-4, line 69: unreachable code after return statement
JavaScript warning: https://www.googletagmanager.com/gtag/js?id=UA-37399313-4, line 69: unreachable code after return statement
IPDL protocol error: Handler returned error code!

###!!! [Parent][DispatchAsyncMessage] Error: PLayerTransaction::Msg_ReleaseLayer Processing error: message was deserialized, but the handler returned false (indicating failure)

IPDL protocol error: Handler returned error code!

###!!! [Parent][DispatchAsyncMessage] Error: PLayerTransaction::Msg_ReleaseLayer Processing error: message was deserialized, but the handler returned false (indicating failure)

*** UTM:SVC TimerManager:registerTimer called after profile-before-change notification. Ignoring timer registration for id: telemetry_modules_ping
1517687892577	geckodriver	INFO	geckodriver 0.19.1
1517687892580	geckodriver	INFO	Listening on 127.0.0.1:50931
1517687893664	mozrunner::runner	INFO	Running command: "/usr/bin/firefox" "-marionette" "-profile" "/tmp/rust_mozprofile.Qv82FJegM3F2"
1517687894099	Marionette	INFO	Enabled via --marionette
1517687894986	Marionette	INFO	Listening on port 46191
1517687895078	Marionette	WARN	TLS certificate errors will be ignored for this session
JavaScript warning: https://www.googletagmanager.com/gtag/js?id=UA-37399313-4, line 69: unreachable code after return statement
JavaScript warning: https://www.googletagmanager.com/gtag/js?id=UA-37399313-4, line 69: unreachable code after return statement

(/usr/lib/firefox/firefox:6220): dconf-WARNING **: Unable to open /var/lib/snapd/desktop/dconf/profile/user: Permission denied
*** UTM:SVC TimerManager:registerTimer called after profile-before-change notification. Ignoring timer registration for id: telemetry_modules_ping
1517690934674	geckodriver	INFO	geckodriver 0.19.1
1517690934680	geckodriver	INFO	Listening on 127.0.0.1:42487
1517690935806	mozrunner::runner	INFO	Running command: "/usr/bin/firefox" "-marionette" "-profile" "/tmp/rust_mozprofile.LUD1NaeakVVr"
1517690936892	Marionette	INFO	Enabled via --marionette
1517690937913	Marionette	INFO	Listening on port 35197
1517690938027	Marionette	WARN	TLS certificate errors will be ignored for this session
JavaScript warning: https://www.googletagmanager.com/gtag/js?id=UA-37399313-4, line 69: unreachable code after return statement
JavaScript warning: https://www.googletagmanager.com/gtag/js?id=UA-37399313-4, line 69: unreachable code after return statement

(/usr/lib/firefox/firefox:9056): dconf-WARNING **: Unable to open /var/lib/snapd/desktop/dconf/profile/user: Permission denied
*** UTM:SVC TimerManager:registerTimer called after profile-before-change notification. Ignoring timer registration for id: telemetry_modules_ping
1517712574784	geckodriver	INFO	geckodriver 0.19.1
1517712574788	geckodriver	INFO	Listening on 127.0.0.1:33583
1517712575880	mozrunner::runner	INFO	Running command: "/usr/bin/firefox" "-marionette" "-profile" "/tmp/rust_mozprofile.bcN99qyXZxHY"
1517712576726	Marionette	INFO	Enabled via --marionette
1517712577763	Marionette	INFO	Listening on port 42881
1517712577789	Marionette	WARN	TLS certificate errors will be ignored for this session
JavaScript warning: https://www.googletagmanager.com/gtag/js?id=UA-37399313-4, line 69: unreachable code after return statement
JavaScript warning: https://www.googletagmanager.com/gtag/js?id=UA-37399313-4, line 69: unreachable code after return statement

(/usr/lib/firefox/firefox:2213): dconf-WARNING **: Unable to open /var/lib/snapd/desktop/dconf/profile/user: Permission denied
*** UTM:SVC TimerManager:registerTimer called after profile-before-change notification. Ignoring timer registration for id: telemetry_modules_ping
1517712630497	geckodriver	INFO	geckodriver 0.19.1
1517712630500	geckodriver	INFO	Listening on 127.0.0.1:55357
1517712631582	mozrunner::runner	INFO	Running command: "/usr/bin/firefox" "-marionette" "-profile" "/tmp/rust_mozprofile.16CfRc2xreml"
1517712631963	Marionette	INFO	Enabled via --marionette
1517712632796	Marionette	INFO	Listening on port 39367
1517712632888	Marionette	WARN	TLS certificate errors will be ignored for this session
JavaScript warning: https://www.googletagmanager.com/gtag/js?id=UA-37399313-4, line 69: unreachable code after return statement
JavaScript warning: https://www.googletagmanager.com/gtag/js?id=UA-37399313-4, line 69: unreachable code after return statement
[Parent 2381, Gecko_IOThread] WARNING: pipe error (57): Connection reset by peer: file /build/firefox-mnaFRO/firefox-58.0.1+build1/ipc/chromium/src/chrome/common/ipc_channel_posix.cc, line 353
*** UTM:SVC TimerManager:registerTimer called after profile-before-change notification. Ignoring timer registration for id: telemetry_modules_ping
1517712674175	geckodriver	INFO	geckodriver 0.19.1
1517712674177	geckodriver	INFO	Listening on 127.0.0.1:59427
1517712675264	mozrunner::runner	INFO	Running command: "/usr/bin/firefox" "-marionette" "-profile" "/tmp/rust_mozprofile.Q1TwKz9tPUuy"
1517712675656	Marionette	INFO	Enabled via --marionette
1517712677439	Marionette	INFO	Listening on port 42789
1517712677474	Marionette	WARN	TLS certificate errors will be ignored for this session
JavaScript warning: https://www.googletagmanager.com/gtag/js?id=UA-37399313-4, line 69: unreachable code after return statement
JavaScript warning: https://www.googletagmanager.com/gtag/js?id=UA-37399313-4, line 69: unreachable code after return statement

(/usr/lib/firefox/firefox:2885): dconf-WARNING **: Unable to open /var/lib/snapd/desktop/dconf/profile/user: Permission denied
*** UTM:SVC TimerManager:registerTimer called after profile-before-change notification. Ignoring timer registration for id: telemetry_modules_ping
1517716001855	geckodriver	INFO	geckodriver 0.19.1
1517716001867	geckodriver	INFO	Listening on 127.0.0.1:39941
1517716003006	mozrunner::runner	INFO	Running command: "/usr/bin/firefox" "-marionette" "-profile" "/tmp/rust_mozprofile.9aOrdQ0QUy8T"
1517716004193	Marionette	INFO	Enabled via --marionette
1517716005336	Marionette	INFO	Listening on port 40129
1517716005415	Marionette	WARN	TLS certificate errors will be ignored for this session
JavaScript warning: https://www.googletagmanager.com/gtag/js?id=UA-37399313-4, line 69: unreachable code after return statement
JavaScript warning: https://www.googletagmanager.com/gtag/js?id=UA-37399313-4, line 69: unreachable code after return statement

(/usr/lib/firefox/firefox:8589): dconf-WARNING **: Unable to open /var/lib/snapd/desktop/dconf/profile/user: Permission denied
*** UTM:SVC TimerManager:registerTimer called after profile-before-change notification. Ignoring timer registration for id: telemetry_modules_ping
1517716148597	geckodriver	INFO	geckodriver 0.19.1
1517716148601	geckodriver	INFO	Listening on 127.0.0.1:43761
1517716149821	mozrunner::runner	INFO	Running command: "/usr/bin/firefox" "-marionette" "-profile" "/tmp/rust_mozprofile.eLRVtszUcaXa"
1517716152150	Marionette	INFO	Enabled via --marionette
1517716153795	Marionette	INFO	Listening on port 41267
1517716153846	Marionette	WARN	TLS certificate errors will be ignored for this session
JavaScript warning: https://www.googletagmanager.com/gtag/js?id=UA-37399313-4, line 69: unreachable code after return statement
JavaScript warning: https://www.googletagmanager.com/gtag/js?id=UA-37399313-4, line 69: unreachable code after return statement

(/usr/lib/firefox/firefox:9440): dconf-WARNING **: Unable to open /var/lib/snapd/desktop/dconf/profile/user: Permission denied
*** UTM:SVC TimerManager:registerTimer called after profile-before-change notification. Ignoring timer registration for id: telemetry_modules_ping
1517716462094	geckodriver	INFO	geckodriver 0.19.1
1517716462105	geckodriver	INFO	Listening on 127.0.0.1:57933
1517716463198	mozrunner::runner	INFO	Running command: "/usr/bin/firefox" "-marionette" "-profile" "/tmp/rust_mozprofile.9aRYCjZE2L3G"
1517716464349	Marionette	INFO	Enabled via --marionette
1517716465412	Marionette	INFO	Listening on port 45647
1517716465507	Marionette	WARN	TLS certificate errors will be ignored for this session
JavaScript warning: https://www.googletagmanager.com/gtag/js?id=UA-37399313-4, line 69: unreachable code after return statement
JavaScript warning: https://www.googletagmanager.com/gtag/js?id=UA-37399313-4, line 69: unreachable code after return statement

(/usr/lib/firefox/firefox:10499): dconf-WARNING **: Unable to open /var/lib/snapd/desktop/dconf/profile/user: Permission denied
*** UTM:SVC TimerManager:registerTimer called after profile-before-change notification. Ignoring timer registration for id: telemetry_modules_ping
1517716532079	geckodriver	INFO	geckodriver 0.19.1
1517716532083	geckodriver	INFO	Listening on 127.0.0.1:52991
1517716533226	mozrunner::runner	INFO	Running command: "/usr/bin/firefox" "-marionette" "-profile" "/tmp/rust_mozprofile.BGOJlmJsGqdp"
1517716533764	Marionette	INFO	Enabled via --marionette
1517716534796	Marionette	INFO	Listening on port 42119
1517716534842	Marionette	WARN	TLS certificate errors will be ignored for this session
JavaScript warning: https://www.googletagmanager.com/gtag/js?id=UA-37399313-4, line 69: unreachable code after return statement
JavaScript warning: https://www.googletagmanager.com/gtag/js?id=UA-37399313-4, line 69: unreachable code after return statement

(/usr/lib/firefox/firefox:11185): dconf-WARNING **: Unable to open /var/lib/snapd/desktop/dconf/profile/user: Permission denied
*** UTM:SVC TimerManager:registerTimer called after profile-before-change notification. Ignoring timer registration for id: telemetry_modules_ping
1517716554264	geckodriver	INFO	geckodriver 0.19.1
1517716554267	geckodriver	INFO	Listening on 127.0.0.1:49309
1517716555387	mozrunner::runner	INFO	Running command: "/usr/bin/firefox" "-marionette" "-profile" "/tmp/rust_mozprofile.9Xyg3NxkgnBe"
1517716555883	Marionette	INFO	Enabled via --marionette
1517716557038	Marionette	INFO	Listening on port 39801
1517716557097	Marionette	WARN	TLS certificate errors will be ignored for this session
JavaScript warning: https://www.googletagmanager.com/gtag/js?id=UA-37399313-4, line 69: unreachable code after return statement
JavaScript warning: https://www.googletagmanager.com/gtag/js?id=UA-37399313-4, line 69: unreachable code after return statement

(/usr/lib/firefox/firefox:11418): dconf-WARNING **: Unable to open /var/lib/snapd/desktop/dconf/profile/user: Permission denied
*** UTM:SVC TimerManager:registerTimer called after profile-before-change notification. Ignoring timer registration for id: telemetry_modules_ping
1517716955499	geckodriver	INFO	geckodriver 0.19.1
1517716955502	geckodriver	INFO	Listening on 127.0.0.1:48141
1517716956616	mozrunner::runner	INFO	Running command: "/usr/bin/firefox" "-marionette" "-profile" "/tmp/rust_mozprofile.ZGCs4F4mIZxO"
1517716957054	Marionette	INFO	Enabled via --marionette
1517716957945	Marionette	INFO	Listening on port 46611
1517716958027	Marionette	WARN	TLS certificate errors will be ignored for this session
JavaScript warning: https://www.googletagmanager.com/gtag/js?id=UA-37399313-4, line 69: unreachable code after return statement
JavaScript warning: https://www.googletagmanager.com/gtag/js?id=UA-37399313-4, line 69: unreachable code after return statement

(/usr/lib/firefox/firefox:13703): dconf-WARNING **: Unable to open /var/lib/snapd/desktop/dconf/profile/user: Permission denied
1517717003802	geckodriver	INFO	geckodriver 0.19.1
1517717003805	geckodriver	INFO	Listening on 127.0.0.1:53167
1517717004914	mozrunner::runner	INFO	Running command: "/usr/bin/firefox" "-marionette" "-profile" "/tmp/rust_mozprofile.lCn1PkUuH8Rw"
1517717005372	Marionette	INFO	Enabled via --marionette
1517717007341	Marionette	INFO	Listening on port 34969
1517717007439	Marionette	WARN	TLS certificate errors will be ignored for this session
JavaScript warning: https://www.googletagmanager.com/gtag/js?id=UA-37399313-4, line 69: unreachable code after return statement
JavaScript warning: https://www.googletagmanager.com/gtag/js?id=UA-37399313-4, line 69: unreachable code after return statement
*** UTM:SVC TimerManager:registerTimer called after profile-before-change notification. Ignoring timer registration for id: telemetry_modules_ping

(/usr/lib/firefox/firefox:14012): dconf-WARNING **: Unable to open /var/lib/snapd/desktop/dconf/profile/user: Permission denied
[Child 14012, MediaPlayback #1] WARNING: Decoder=7f9b6bb6e800 Decode error: NS_ERROR_DOM_MEDIA_FATAL_ERR (0x806e0005) - RefPtr<mozilla::MozPromise<RefPtr<mozilla::MediaTrackDemuxer::SamplesHolder>, mozilla::MediaResult, true> > mozilla::MediaSourceTrackDemuxer::DoGetSamples(int32_t): manager is detached.: file /build/firefox-mnaFRO/firefox-58.0.1+build1/dom/media/MediaDecoderStateMachine.cpp, line 3365
[Child 14012, MediaPlayback #3] WARNING: Decoder=7f9b6bb6e800 Decode error: NS_ERROR_DOM_MEDIA_FATAL_ERR (0x806e0005) - RefPtr<mozilla::MozPromise<RefPtr<mozilla::MediaTrackDemuxer::SamplesHolder>, mozilla::MediaResult, true> > mozilla::MediaSourceTrackDemuxer::DoGetSamples(int32_t): manager is detached.: file /build/firefox-mnaFRO/firefox-58.0.1+build1/dom/media/MediaDecoderStateMachine.cpp, line 3365
JavaScript warning: https://www.googletagmanager.com/gtag/js?id=UA-37399313-4, line 69: unreachable code after return statement
JavaScript warning: https://www.googletagmanager.com/gtag/js?id=UA-37399313-4, line 69: unreachable code after return statement
[Child 14012, MediaPlayback #2] WARNING: Decoder=7f9b6a470a00 Decode error: NS_ERROR_DOM_MEDIA_FATAL_ERR (0x806e0005) - RefPtr<mozilla::MozPromise<RefPtr<mozilla::MediaTrackDemuxer::SamplesHolder>, mozilla::MediaResult, true> > mozilla::MediaSourceTrackDemuxer::DoGetSamples(int32_t): manager is detached.: file /build/firefox-mnaFRO/firefox-58.0.1+build1/dom/media/MediaDecoderStateMachine.cpp, line 3365
JavaScript warning: https://www.googletagmanager.com/gtag/js?id=UA-37399313-4, line 69: unreachable code after return statement
JavaScript warning: https://www.googletagmanager.com/gtag/js?id=UA-37399313-4, line 69: unreachable code after return statement
[Child 14012, MediaPlayback #1] WARNING: Decoder=7f9b780d7800 Decode error: NS_ERROR_DOM_MEDIA_FATAL_ERR (0x806e0005) - RefPtr<mozilla::MozPromise<RefPtr<mozilla::MediaTrackDemuxer::SamplesHolder>, mozilla::MediaResult, true> > mozilla::MediaSourceTrackDemuxer::DoGetSamples(int32_t): manager is detached.: file /build/firefox-mnaFRO/firefox-58.0.1+build1/dom/media/MediaDecoderStateMachine.cpp, line 3365
[Child 14012, MediaPlayback #3] WARNING: Decoder=7f9b780d7800 Decode error: NS_ERROR_DOM_MEDIA_FATAL_ERR (0x806e0005) - RefPtr<mozilla::MozPromise<RefPtr<mozilla::MediaTrackDemuxer::SamplesHolder>, mozilla::MediaResult, true> > mozilla::MediaSourceTrackDemuxer::DoGetSamples(int32_t): manager is detached.: file /build/firefox-mnaFRO/firefox-58.0.1+build1/dom/media/MediaDecoderStateMachine.cpp, line 3365
JavaScript warning: https://www.googletagmanager.com/gtag/js?id=UA-37399313-4, line 69: unreachable code after return statement
JavaScript warning: https://www.googletagmanager.com/gtag/js?id=UA-37399313-4, line 69: unreachable code after return statement
JavaScript warning: https://www.googletagmanager.com/gtag/js?id=UA-37399313-4, line 69: unreachable code after return statement
JavaScript warning: https://www.googletagmanager.com/gtag/js?id=UA-37399313-4, line 69: unreachable code after return statement
JavaScript warning: https://www.googletagmanager.com/gtag/js?id=UA-37399313-4, line 69: unreachable code after return statement
JavaScript warning: https://www.googletagmanager.com/gtag/js?id=UA-37399313-4, line 69: unreachable code after return statement
JavaScript warning: https://www.googletagmanager.com/gtag/js?id=UA-37399313-4, line 69: unreachable code after return statement
JavaScript warning: https://www.googletagmanager.com/gtag/js?id=UA-37399313-4, line 69: unreachable code after return statement
[Child 14012, MediaPlayback #4] WARNING: Decoder=7f9b68ed7000 Decode error: NS_ERROR_DOM_MEDIA_FATAL_ERR (0x806e0005) - RefPtr<mozilla::MozPromise<RefPtr<mozilla::MediaTrackDemuxer::SamplesHolder>, mozilla::MediaResult, true> > mozilla::MediaSourceTrackDemuxer::DoGetSamples(int32_t): manager is detached.: file /build/firefox-mnaFRO/firefox-58.0.1+build1/dom/media/MediaDecoderStateMachine.cpp, line 3365
[Child 14012, MediaPlayback #2] WARNING: Decoder=7f9b68ed7000 Decode error: NS_ERROR_DOM_MEDIA_FATAL_ERR (0x806e0005) - RefPtr<mozilla::MozPromise<RefPtr<mozilla::MediaTrackDemuxer::SamplesHolder>, mozilla::MediaResult, true> > mozilla::MediaSourceTrackDemuxer::DoGetSamples(int32_t): manager is detached.: file /build/firefox-mnaFRO/firefox-58.0.1+build1/dom/media/MediaDecoderStateMachine.cpp, line 3365
JavaScript warning: https://www.googletagmanager.com/gtag/js?id=UA-37399313-4, line 69: unreachable code after return statement
JavaScript warning: https://www.googletagmanager.com/gtag/js?id=UA-37399313-4, line 69: unreachable code after return statement
[Child 14012, MediaPlayback #3] WARNING: Decoder=7f9b695dce00 Decode error: NS_ERROR_DOM_MEDIA_FATAL_ERR (0x806e0005) - RefPtr<mozilla::MozPromise<RefPtr<mozilla::MediaTrackDemuxer::SamplesHolder>, mozilla::MediaResult, true> > mozilla::MediaSourceTrackDemuxer::DoGetSamples(int32_t): manager is detached.: file /build/firefox-mnaFRO/firefox-58.0.1+build1/dom/media/MediaDecoderStateMachine.cpp, line 3365
[Child 14012, MediaPlayback #1] WARNING: Decoder=7f9b695dce00 Decode error: NS_ERROR_DOM_MEDIA_FATAL_ERR (0x806e0005) - RefPtr<mozilla::MozPromise<RefPtr<mozilla::MediaTrackDemuxer::SamplesHolder>, mozilla::MediaResult, true> > mozilla::MediaSourceTrackDemuxer::DoGetSamples(int32_t): manager is detached.: file /build/firefox-mnaFRO/firefox-58.0.1+build1/dom/media/MediaDecoderStateMachine.cpp, line 3365
JavaScript warning: https://www.googletagmanager.com/gtag/js?id=UA-37399313-4, line 69: unreachable code after return statement
JavaScript warning: https://www.googletagmanager.com/gtag/js?id=UA-37399313-4, line 69: unreachable code after return statement
JavaScript warning: https://www.googletagmanager.com/gtag/js?id=UA-37399313-4, line 69: unreachable code after return statement
JavaScript warning: https://www.googletagmanager.com/gtag/js?id=UA-37399313-4, line 69: unreachable code after return statement
[Child 14012, MediaPlayback #2] WARNING: Decoder=7f9b78155800 Decode error: NS_ERROR_DOM_MEDIA_FATAL_ERR (0x806e0005) - RefPtr<mozilla::MozPromise<RefPtr<mozilla::MediaTrackDemuxer::SamplesHolder>, mozilla::MediaResult, true> > mozilla::MediaSourceTrackDemuxer::DoGetSamples(int32_t): manager is detached.: file /build/firefox-mnaFRO/firefox-58.0.1+build1/dom/media/MediaDecoderStateMachine.cpp, line 3365
JavaScript error: resource://devtools/shared/base-loader.js -> resource://devtools/server/actors/highlighters/box-model.js, line 410: TypeError: quads is undefined
1517719770603	geckodriver	INFO	geckodriver 0.19.1
1517719770607	geckodriver	INFO	Listening on 127.0.0.1:35355
1517719771733	mozrunner::runner	INFO	Running command: "/usr/bin/firefox" "-marionette" "-profile" "/tmp/rust_mozprofile.KI0vlCxPbhW2"
1517719772220	Marionette	INFO	Enabled via --marionette
1517719773088	Marionette	INFO	Listening on port 45229
1517719773142	Marionette	WARN	TLS certificate errors will be ignored for this session
JavaScript warning: https://www.googletagmanager.com/gtag/js?id=UA-37399313-4, line 69: unreachable code after return statement
JavaScript warning: https://www.googletagmanager.com/gtag/js?id=UA-37399313-4, line 69: unreachable code after return statement

(/usr/lib/firefox/firefox:18493): dconf-WARNING **: Unable to open /var/lib/snapd/desktop/dconf/profile/user: Permission denied
